<?xml version="1.0" encoding="UTF-8"?>
<testng-results skipped="0" failed="0" ignored="0" total="2" passed="2">
  <reporter-output>
  </reporter-output>
  <suite name="Default suite" duration-ms="58" started-at="2022-04-23T09:43:39 IST" finished-at="2022-04-23T09:43:39 IST">
    <groups>
    </groups>
    <test name="Default test" duration-ms="58" started-at="2022-04-23T09:43:39 IST" finished-at="2022-04-23T09:43:39 IST">
      <class name="Testng.assertiondemop">
        <test-method status="PASS" signature="testCase2()[pri:0, instance:Testng.assertiondemop@365185bd]" name="testCase2" duration-ms="12" started-at="2022-04-23T09:43:39 IST" finished-at="2022-04-23T09:43:39 IST">
          <reporter-output>
          </reporter-output>
        </test-method> <!-- testCase2 -->
        <test-method status="PASS" signature="testCasel()[pri:0, instance:Testng.assertiondemop@365185bd]" name="testCasel" duration-ms="3" started-at="2022-04-23T09:43:39 IST" finished-at="2022-04-23T09:43:39 IST">
          <reporter-output>
          </reporter-output>
        </test-method> <!-- testCasel -->
      </class> <!-- Testng.assertiondemop -->
    </test> <!-- Default test -->
  </suite> <!-- Default suite -->
</testng-results>
